<?xml version="1.0" encoding="UTF-8"?>
<!-- Generated by org.testng.reporters.JUnitReportReporter -->
<testsuite hostname="DESKTOP-HD7UFI1" failures="0" tests="2" name="com.demoblaze.TestScriptDemo" time="7.767" errors="0" timestamp="2024-05-27T09:47:17 IST" skipped="0">
  <testcase classname="com.demoblaze.TestScriptDemo" name="BrowserLaunch" time="7.668"/>
  <system-out/>
  <testcase classname="com.demoblaze.TestScriptDemo" name="LoginPage" time="0.099"/>
  <system-out/>
</testsuite> <!-- com.demoblaze.TestScriptDemo -->
